2023-02-17 09:21:00.348 PKT [7964] ERROR broken auth file
2023-02-17 09:21:00.349 PKT [7964] FATAL unix socket is in use, cannot continue
2023-02-17 09:21:31.604 PKT [8043] ERROR broken auth file
2023-02-17 09:21:31.605 PKT [8043] FATAL unix socket is in use, cannot continue
2023-02-17 09:21:49.745 PKT [8200] ERROR broken auth file
2023-02-17 09:21:49.746 PKT [8202] LOG kernel file descriptor limit: 1024 (hard: 1048576); max_client_conn: 100, max expected fd use: 132
2023-02-17 09:21:49.747 PKT [8202] LOG listening on 0.0.0.0:6433
2023-02-17 09:21:49.747 PKT [8202] LOG listening on [::]:6433
2023-02-17 09:21:49.747 PKT [8202] LOG listening on unix:/tmp/.s.PGSQL.6433
2023-02-17 09:21:49.747 PKT [8202] LOG process up: PgBouncer 1.18.0, libevent 2.1.8-stable (epoll), adns: c-ares 1.14.0, tls: OpenSSL 1.1.1  11 Sep 2018
2023-02-17 09:21:55.185 PKT [8237] ERROR broken auth file
2023-02-17 09:21:55.186 PKT [8237] FATAL unix socket is in use, cannot continue
2023-02-17 09:22:49.751 PKT [8202] LOG stats: 0 xacts/s, 0 queries/s, in 0 B/s, out 0 B/s, xact 0 us, query 0 us, wait 0 us
2023-02-17 09:23:49.750 PKT [8202] LOG stats: 0 xacts/s, 0 queries/s, in 0 B/s, out 0 B/s, xact 0 us, query 0 us, wait 0 us
2023-02-17 09:23:59.380 PKT [8963] FATAL unix socket is in use, cannot continue
2023-02-17 09:24:25.295 PKT [9127] LOG stale pidfile, removing
2023-02-17 09:24:25.295 PKT [9129] LOG kernel file descriptor limit: 1024 (hard: 1048576); max_client_conn: 100, max expected fd use: 152
2023-02-17 09:24:25.295 PKT [9129] LOG listening on 0.0.0.0:6433
2023-02-17 09:24:25.295 PKT [9129] LOG listening on [::]:6433
2023-02-17 09:24:25.295 PKT [9129] LOG listening on unix:/tmp/.s.PGSQL.6433
2023-02-17 09:24:25.295 PKT [9129] LOG process up: PgBouncer 1.18.0, libevent 2.1.8-stable (epoll), adns: c-ares 1.14.0, tls: OpenSSL 1.1.1  11 Sep 2018
2023-02-17 09:25:25.298 PKT [9129] LOG stats: 0 xacts/s, 0 queries/s, in 0 B/s, out 0 B/s, xact 0 us, query 0 us, wait 0 us
2023-02-17 09:26:25.294 PKT [9129] LOG stats: 0 xacts/s, 0 queries/s, in 0 B/s, out 0 B/s, xact 0 us, query 0 us, wait 0 us
2023-02-17 09:27:25.296 PKT [9129] LOG stats: 0 xacts/s, 0 queries/s, in 0 B/s, out 0 B/s, xact 0 us, query 0 us, wait 0 us
2023-02-17 09:28:25.297 PKT [9129] LOG stats: 0 xacts/s, 0 queries/s, in 0 B/s, out 0 B/s, xact 0 us, query 0 us, wait 0 us
2023-02-17 09:29:25.297 PKT [9129] LOG stats: 0 xacts/s, 0 queries/s, in 0 B/s, out 0 B/s, xact 0 us, query 0 us, wait 0 us
2023-02-17 09:30:25.298 PKT [9129] LOG stats: 0 xacts/s, 0 queries/s, in 0 B/s, out 0 B/s, xact 0 us, query 0 us, wait 0 us
2023-02-17 09:31:25.299 PKT [9129] LOG stats: 0 xacts/s, 0 queries/s, in 0 B/s, out 0 B/s, xact 0 us, query 0 us, wait 0 us
2023-02-17 09:32:25.294 PKT [9129] LOG stats: 0 xacts/s, 0 queries/s, in 0 B/s, out 0 B/s, xact 0 us, query 0 us, wait 0 us
2023-02-17 09:33:25.295 PKT [9129] LOG stats: 0 xacts/s, 0 queries/s, in 0 B/s, out 0 B/s, xact 0 us, query 0 us, wait 0 us
2023-02-17 09:34:25.295 PKT [9129] LOG stats: 0 xacts/s, 0 queries/s, in 0 B/s, out 0 B/s, xact 0 us, query 0 us, wait 0 us
2023-02-17 09:35:25.297 PKT [9129] LOG stats: 0 xacts/s, 0 queries/s, in 0 B/s, out 0 B/s, xact 0 us, query 0 us, wait 0 us
2023-02-17 09:36:25.299 PKT [9129] LOG stats: 0 xacts/s, 0 queries/s, in 0 B/s, out 0 B/s, xact 0 us, query 0 us, wait 0 us
2023-02-17 09:37:25.298 PKT [9129] LOG stats: 0 xacts/s, 0 queries/s, in 0 B/s, out 0 B/s, xact 0 us, query 0 us, wait 0 us
2023-02-17 09:38:25.295 PKT [9129] LOG stats: 0 xacts/s, 0 queries/s, in 0 B/s, out 0 B/s, xact 0 us, query 0 us, wait 0 us
2023-02-17 09:39:25.295 PKT [9129] LOG stats: 0 xacts/s, 0 queries/s, in 0 B/s, out 0 B/s, xact 0 us, query 0 us, wait 0 us
2023-02-17 09:40:25.295 PKT [9129] LOG stats: 0 xacts/s, 0 queries/s, in 0 B/s, out 0 B/s, xact 0 us, query 0 us, wait 0 us
2023-02-17 09:41:25.294 PKT [9129] LOG stats: 0 xacts/s, 0 queries/s, in 0 B/s, out 0 B/s, xact 0 us, query 0 us, wait 0 us
2023-02-17 09:42:25.294 PKT [9129] LOG stats: 0 xacts/s, 0 queries/s, in 0 B/s, out 0 B/s, xact 0 us, query 0 us, wait 0 us
2023-02-17 09:43:25.299 PKT [9129] LOG stats: 0 xacts/s, 0 queries/s, in 0 B/s, out 0 B/s, xact 0 us, query 0 us, wait 0 us
2023-02-17 09:44:25.299 PKT [9129] LOG stats: 0 xacts/s, 0 queries/s, in 0 B/s, out 0 B/s, xact 0 us, query 0 us, wait 0 us
2023-02-17 09:45:25.294 PKT [9129] LOG stats: 0 xacts/s, 0 queries/s, in 0 B/s, out 0 B/s, xact 0 us, query 0 us, wait 0 us
2023-02-17 09:46:25.295 PKT [9129] LOG stats: 0 xacts/s, 0 queries/s, in 0 B/s, out 0 B/s, xact 0 us, query 0 us, wait 0 us
2023-02-17 09:47:25.295 PKT [9129] LOG stats: 0 xacts/s, 0 queries/s, in 0 B/s, out 0 B/s, xact 0 us, query 0 us, wait 0 us
2023-02-17 09:48:25.294 PKT [9129] LOG stats: 0 xacts/s, 0 queries/s, in 0 B/s, out 0 B/s, xact 0 us, query 0 us, wait 0 us
2023-02-17 09:49:25.294 PKT [9129] LOG stats: 0 xacts/s, 0 queries/s, in 0 B/s, out 0 B/s, xact 0 us, query 0 us, wait 0 us
2023-02-17 09:50:25.295 PKT [9129] LOG stats: 0 xacts/s, 0 queries/s, in 0 B/s, out 0 B/s, xact 0 us, query 0 us, wait 0 us
2023-02-17 09:51:25.299 PKT [9129] LOG stats: 0 xacts/s, 0 queries/s, in 0 B/s, out 0 B/s, xact 0 us, query 0 us, wait 0 us
2023-02-17 09:52:25.298 PKT [9129] LOG stats: 0 xacts/s, 0 queries/s, in 0 B/s, out 0 B/s, xact 0 us, query 0 us, wait 0 us
2023-02-17 09:53:25.298 PKT [9129] LOG stats: 0 xacts/s, 0 queries/s, in 0 B/s, out 0 B/s, xact 0 us, query 0 us, wait 0 us
2023-02-17 09:54:25.299 PKT [9129] LOG stats: 0 xacts/s, 0 queries/s, in 0 B/s, out 0 B/s, xact 0 us, query 0 us, wait 0 us
2023-02-17 09:55:25.295 PKT [9129] LOG stats: 0 xacts/s, 0 queries/s, in 0 B/s, out 0 B/s, xact 0 us, query 0 us, wait 0 us
2023-02-17 09:56:25.295 PKT [9129] LOG stats: 0 xacts/s, 0 queries/s, in 0 B/s, out 0 B/s, xact 0 us, query 0 us, wait 0 us
2023-02-17 09:57:25.294 PKT [9129] LOG stats: 0 xacts/s, 0 queries/s, in 0 B/s, out 0 B/s, xact 0 us, query 0 us, wait 0 us
2023-02-17 09:58:25.294 PKT [9129] LOG stats: 0 xacts/s, 0 queries/s, in 0 B/s, out 0 B/s, xact 0 us, query 0 us, wait 0 us
2023-02-17 09:59:25.294 PKT [9129] LOG stats: 0 xacts/s, 0 queries/s, in 0 B/s, out 0 B/s, xact 0 us, query 0 us, wait 0 us
2023-02-17 10:00:25.296 PKT [9129] LOG stats: 0 xacts/s, 0 queries/s, in 0 B/s, out 0 B/s, xact 0 us, query 0 us, wait 0 us
2023-02-17 10:01:25.294 PKT [9129] LOG stats: 0 xacts/s, 0 queries/s, in 0 B/s, out 0 B/s, xact 0 us, query 0 us, wait 0 us
2023-02-17 10:02:25.298 PKT [9129] LOG stats: 0 xacts/s, 0 queries/s, in 0 B/s, out 0 B/s, xact 0 us, query 0 us, wait 0 us
2023-02-17 10:03:25.299 PKT [9129] LOG stats: 0 xacts/s, 0 queries/s, in 0 B/s, out 0 B/s, xact 0 us, query 0 us, wait 0 us
2023-02-17 10:04:25.299 PKT [9129] LOG stats: 0 xacts/s, 0 queries/s, in 0 B/s, out 0 B/s, xact 0 us, query 0 us, wait 0 us
2023-02-17 10:05:25.296 PKT [9129] LOG stats: 0 xacts/s, 0 queries/s, in 0 B/s, out 0 B/s, xact 0 us, query 0 us, wait 0 us
2023-02-17 10:06:25.295 PKT [9129] LOG stats: 0 xacts/s, 0 queries/s, in 0 B/s, out 0 B/s, xact 0 us, query 0 us, wait 0 us
2023-02-17 10:07:25.294 PKT [9129] LOG stats: 0 xacts/s, 0 queries/s, in 0 B/s, out 0 B/s, xact 0 us, query 0 us, wait 0 us
2023-02-17 10:08:25.294 PKT [9129] LOG stats: 0 xacts/s, 0 queries/s, in 0 B/s, out 0 B/s, xact 0 us, query 0 us, wait 0 us
2023-02-17 10:09:25.294 PKT [9129] LOG stats: 0 xacts/s, 0 queries/s, in 0 B/s, out 0 B/s, xact 0 us, query 0 us, wait 0 us
2023-02-17 10:10:25.296 PKT [9129] LOG stats: 0 xacts/s, 0 queries/s, in 0 B/s, out 0 B/s, xact 0 us, query 0 us, wait 0 us
2023-02-17 10:11:25.298 PKT [9129] LOG stats: 0 xacts/s, 0 queries/s, in 0 B/s, out 0 B/s, xact 0 us, query 0 us, wait 0 us
2023-02-17 10:12:25.298 PKT [9129] LOG stats: 0 xacts/s, 0 queries/s, in 0 B/s, out 0 B/s, xact 0 us, query 0 us, wait 0 us
2023-02-17 10:13:25.295 PKT [9129] LOG stats: 0 xacts/s, 0 queries/s, in 0 B/s, out 0 B/s, xact 0 us, query 0 us, wait 0 us
2023-02-17 10:14:25.295 PKT [9129] LOG stats: 0 xacts/s, 0 queries/s, in 0 B/s, out 0 B/s, xact 0 us, query 0 us, wait 0 us
2023-02-17 10:15:25.294 PKT [9129] LOG stats: 0 xacts/s, 0 queries/s, in 0 B/s, out 0 B/s, xact 0 us, query 0 us, wait 0 us
2023-02-17 10:16:25.294 PKT [9129] LOG stats: 0 xacts/s, 0 queries/s, in 0 B/s, out 0 B/s, xact 0 us, query 0 us, wait 0 us
2023-02-17 10:17:25.294 PKT [9129] LOG stats: 0 xacts/s, 0 queries/s, in 0 B/s, out 0 B/s, xact 0 us, query 0 us, wait 0 us
2023-02-17 10:18:25.295 PKT [9129] LOG stats: 0 xacts/s, 0 queries/s, in 0 B/s, out 0 B/s, xact 0 us, query 0 us, wait 0 us
2023-02-17 10:19:25.298 PKT [9129] LOG stats: 0 xacts/s, 0 queries/s, in 0 B/s, out 0 B/s, xact 0 us, query 0 us, wait 0 us
2023-02-17 10:20:25.299 PKT [9129] LOG stats: 0 xacts/s, 0 queries/s, in 0 B/s, out 0 B/s, xact 0 us, query 0 us, wait 0 us
2023-02-17 10:21:25.295 PKT [9129] LOG stats: 0 xacts/s, 0 queries/s, in 0 B/s, out 0 B/s, xact 0 us, query 0 us, wait 0 us
2023-02-17 10:22:25.294 PKT [9129] LOG stats: 0 xacts/s, 0 queries/s, in 0 B/s, out 0 B/s, xact 0 us, query 0 us, wait 0 us
2023-02-17 10:23:25.296 PKT [9129] LOG stats: 0 xacts/s, 0 queries/s, in 0 B/s, out 0 B/s, xact 0 us, query 0 us, wait 0 us
2023-02-17 10:24:25.297 PKT [9129] LOG stats: 0 xacts/s, 0 queries/s, in 0 B/s, out 0 B/s, xact 0 us, query 0 us, wait 0 us
2023-02-17 10:25:25.298 PKT [9129] LOG stats: 0 xacts/s, 0 queries/s, in 0 B/s, out 0 B/s, xact 0 us, query 0 us, wait 0 us
2023-02-17 10:26:25.295 PKT [9129] LOG stats: 0 xacts/s, 0 queries/s, in 0 B/s, out 0 B/s, xact 0 us, query 0 us, wait 0 us
2023-02-17 10:27:25.296 PKT [9129] LOG stats: 0 xacts/s, 0 queries/s, in 0 B/s, out 0 B/s, xact 0 us, query 0 us, wait 0 us
2023-02-17 10:28:25.294 PKT [9129] LOG stats: 0 xacts/s, 0 queries/s, in 0 B/s, out 0 B/s, xact 0 us, query 0 us, wait 0 us
2023-02-17 10:29:25.298 PKT [9129] LOG stats: 0 xacts/s, 0 queries/s, in 0 B/s, out 0 B/s, xact 0 us, query 0 us, wait 0 us
2023-02-17 10:30:25.298 PKT [9129] LOG stats: 0 xacts/s, 0 queries/s, in 0 B/s, out 0 B/s, xact 0 us, query 0 us, wait 0 us
2023-02-17 10:31:25.295 PKT [9129] LOG stats: 0 xacts/s, 0 queries/s, in 0 B/s, out 0 B/s, xact 0 us, query 0 us, wait 0 us
2023-02-17 10:32:25.296 PKT [9129] LOG stats: 0 xacts/s, 0 queries/s, in 0 B/s, out 0 B/s, xact 0 us, query 0 us, wait 0 us
2023-02-17 10:33:25.294 PKT [9129] LOG stats: 0 xacts/s, 0 queries/s, in 0 B/s, out 0 B/s, xact 0 us, query 0 us, wait 0 us
2023-02-17 10:34:25.298 PKT [9129] LOG stats: 0 xacts/s, 0 queries/s, in 0 B/s, out 0 B/s, xact 0 us, query 0 us, wait 0 us
2023-02-17 10:35:25.299 PKT [9129] LOG stats: 0 xacts/s, 0 queries/s, in 0 B/s, out 0 B/s, xact 0 us, query 0 us, wait 0 us
2023-02-17 10:36:25.295 PKT [9129] LOG stats: 0 xacts/s, 0 queries/s, in 0 B/s, out 0 B/s, xact 0 us, query 0 us, wait 0 us
2023-02-17 10:37:25.295 PKT [9129] LOG stats: 0 xacts/s, 0 queries/s, in 0 B/s, out 0 B/s, xact 0 us, query 0 us, wait 0 us
2023-02-17 10:38:25.296 PKT [9129] LOG stats: 0 xacts/s, 0 queries/s, in 0 B/s, out 0 B/s, xact 0 us, query 0 us, wait 0 us
2023-02-17 10:39:25.295 PKT [9129] LOG stats: 0 xacts/s, 0 queries/s, in 0 B/s, out 0 B/s, xact 0 us, query 0 us, wait 0 us
2023-02-17 10:40:25.298 PKT [9129] LOG stats: 0 xacts/s, 0 queries/s, in 0 B/s, out 0 B/s, xact 0 us, query 0 us, wait 0 us
2023-02-17 10:41:25.299 PKT [9129] LOG stats: 0 xacts/s, 0 queries/s, in 0 B/s, out 0 B/s, xact 0 us, query 0 us, wait 0 us
2023-02-17 10:42:25.295 PKT [9129] LOG stats: 0 xacts/s, 0 queries/s, in 0 B/s, out 0 B/s, xact 0 us, query 0 us, wait 0 us
2023-02-17 10:43:25.297 PKT [9129] LOG stats: 0 xacts/s, 0 queries/s, in 0 B/s, out 0 B/s, xact 0 us, query 0 us, wait 0 us
2023-02-17 10:44:25.296 PKT [9129] LOG stats: 0 xacts/s, 0 queries/s, in 0 B/s, out 0 B/s, xact 0 us, query 0 us, wait 0 us
2023-02-17 10:45:25.297 PKT [9129] LOG stats: 0 xacts/s, 0 queries/s, in 0 B/s, out 0 B/s, xact 0 us, query 0 us, wait 0 us
2023-02-17 10:46:25.298 PKT [9129] LOG stats: 0 xacts/s, 0 queries/s, in 0 B/s, out 0 B/s, xact 0 us, query 0 us, wait 0 us
2023-02-17 10:47:25.299 PKT [9129] LOG stats: 0 xacts/s, 0 queries/s, in 0 B/s, out 0 B/s, xact 0 us, query 0 us, wait 0 us
2023-02-17 10:48:25.294 PKT [9129] LOG stats: 0 xacts/s, 0 queries/s, in 0 B/s, out 0 B/s, xact 0 us, query 0 us, wait 0 us
2023-02-17 10:49:25.294 PKT [9129] LOG stats: 0 xacts/s, 0 queries/s, in 0 B/s, out 0 B/s, xact 0 us, query 0 us, wait 0 us
2023-02-17 10:50:25.294 PKT [9129] LOG stats: 0 xacts/s, 0 queries/s, in 0 B/s, out 0 B/s, xact 0 us, query 0 us, wait 0 us
2023-02-17 10:51:25.294 PKT [9129] LOG stats: 0 xacts/s, 0 queries/s, in 0 B/s, out 0 B/s, xact 0 us, query 0 us, wait 0 us
2023-02-17 10:52:25.295 PKT [9129] LOG stats: 0 xacts/s, 0 queries/s, in 0 B/s, out 0 B/s, xact 0 us, query 0 us, wait 0 us
2023-02-17 10:53:25.298 PKT [9129] LOG stats: 0 xacts/s, 0 queries/s, in 0 B/s, out 0 B/s, xact 0 us, query 0 us, wait 0 us
2023-02-17 10:54:25.299 PKT [9129] LOG stats: 0 xacts/s, 0 queries/s, in 0 B/s, out 0 B/s, xact 0 us, query 0 us, wait 0 us
2023-02-17 10:55:25.295 PKT [9129] LOG stats: 0 xacts/s, 0 queries/s, in 0 B/s, out 0 B/s, xact 0 us, query 0 us, wait 0 us
2023-02-17 10:56:25.296 PKT [9129] LOG stats: 0 xacts/s, 0 queries/s, in 0 B/s, out 0 B/s, xact 0 us, query 0 us, wait 0 us
2023-02-17 10:57:25.296 PKT [9129] LOG stats: 0 xacts/s, 0 queries/s, in 0 B/s, out 0 B/s, xact 0 us, query 0 us, wait 0 us
2023-02-17 10:58:25.295 PKT [9129] LOG stats: 0 xacts/s, 0 queries/s, in 0 B/s, out 0 B/s, xact 0 us, query 0 us, wait 0 us
2023-02-17 10:59:25.294 PKT [9129] LOG stats: 0 xacts/s, 0 queries/s, in 0 B/s, out 0 B/s, xact 0 us, query 0 us, wait 0 us
2023-02-17 11:00:25.294 PKT [9129] LOG stats: 0 xacts/s, 0 queries/s, in 0 B/s, out 0 B/s, xact 0 us, query 0 us, wait 0 us
2023-02-17 11:01:25.295 PKT [9129] LOG stats: 0 xacts/s, 0 queries/s, in 0 B/s, out 0 B/s, xact 0 us, query 0 us, wait 0 us
2023-02-17 11:02:25.295 PKT [9129] LOG stats: 0 xacts/s, 0 queries/s, in 0 B/s, out 0 B/s, xact 0 us, query 0 us, wait 0 us
2023-02-17 11:03:25.295 PKT [9129] LOG stats: 0 xacts/s, 0 queries/s, in 0 B/s, out 0 B/s, xact 0 us, query 0 us, wait 0 us
2023-02-17 11:04:25.299 PKT [9129] LOG stats: 0 xacts/s, 0 queries/s, in 0 B/s, out 0 B/s, xact 0 us, query 0 us, wait 0 us
2023-02-17 11:05:25.298 PKT [9129] LOG stats: 0 xacts/s, 0 queries/s, in 0 B/s, out 0 B/s, xact 0 us, query 0 us, wait 0 us
2023-02-17 11:06:25.298 PKT [9129] LOG stats: 0 xacts/s, 0 queries/s, in 0 B/s, out 0 B/s, xact 0 us, query 0 us, wait 0 us
2023-02-17 11:07:25.298 PKT [9129] LOG stats: 0 xacts/s, 0 queries/s, in 0 B/s, out 0 B/s, xact 0 us, query 0 us, wait 0 us
2023-02-17 11:08:25.295 PKT [9129] LOG stats: 0 xacts/s, 0 queries/s, in 0 B/s, out 0 B/s, xact 0 us, query 0 us, wait 0 us
2023-02-17 11:09:25.295 PKT [9129] LOG stats: 0 xacts/s, 0 queries/s, in 0 B/s, out 0 B/s, xact 0 us, query 0 us, wait 0 us
2023-02-17 11:10:25.296 PKT [9129] LOG stats: 0 xacts/s, 0 queries/s, in 0 B/s, out 0 B/s, xact 0 us, query 0 us, wait 0 us
2023-02-17 11:11:25.294 PKT [9129] LOG stats: 0 xacts/s, 0 queries/s, in 0 B/s, out 0 B/s, xact 0 us, query 0 us, wait 0 us
2023-02-17 11:12:25.296 PKT [9129] LOG stats: 0 xacts/s, 0 queries/s, in 0 B/s, out 0 B/s, xact 0 us, query 0 us, wait 0 us
2023-02-17 11:13:25.295 PKT [9129] LOG stats: 0 xacts/s, 0 queries/s, in 0 B/s, out 0 B/s, xact 0 us, query 0 us, wait 0 us
2023-02-17 11:14:25.295 PKT [9129] LOG stats: 0 xacts/s, 0 queries/s, in 0 B/s, out 0 B/s, xact 0 us, query 0 us, wait 0 us
2023-02-17 11:15:25.298 PKT [9129] LOG stats: 0 xacts/s, 0 queries/s, in 0 B/s, out 0 B/s, xact 0 us, query 0 us, wait 0 us
2023-02-17 11:16:25.298 PKT [9129] LOG stats: 0 xacts/s, 0 queries/s, in 0 B/s, out 0 B/s, xact 0 us, query 0 us, wait 0 us
2023-02-17 11:17:25.298 PKT [9129] LOG stats: 0 xacts/s, 0 queries/s, in 0 B/s, out 0 B/s, xact 0 us, query 0 us, wait 0 us
2023-02-17 11:18:25.295 PKT [9129] LOG stats: 0 xacts/s, 0 queries/s, in 0 B/s, out 0 B/s, xact 0 us, query 0 us, wait 0 us
2023-02-17 11:19:25.294 PKT [9129] LOG stats: 0 xacts/s, 0 queries/s, in 0 B/s, out 0 B/s, xact 0 us, query 0 us, wait 0 us
2023-02-17 11:20:25.294 PKT [9129] LOG stats: 0 xacts/s, 0 queries/s, in 0 B/s, out 0 B/s, xact 0 us, query 0 us, wait 0 us
2023-02-17 11:21:25.294 PKT [9129] LOG stats: 0 xacts/s, 0 queries/s, in 0 B/s, out 0 B/s, xact 0 us, query 0 us, wait 0 us
2023-02-17 11:22:25.295 PKT [9129] LOG stats: 0 xacts/s, 0 queries/s, in 0 B/s, out 0 B/s, xact 0 us, query 0 us, wait 0 us
2023-02-17 11:23:25.295 PKT [9129] LOG stats: 0 xacts/s, 0 queries/s, in 0 B/s, out 0 B/s, xact 0 us, query 0 us, wait 0 us
2023-02-17 11:24:25.298 PKT [9129] LOG stats: 0 xacts/s, 0 queries/s, in 0 B/s, out 0 B/s, xact 0 us, query 0 us, wait 0 us
2023-02-17 11:25:25.299 PKT [9129] LOG stats: 0 xacts/s, 0 queries/s, in 0 B/s, out 0 B/s, xact 0 us, query 0 us, wait 0 us
2023-02-17 11:26:25.299 PKT [9129] LOG stats: 0 xacts/s, 0 queries/s, in 0 B/s, out 0 B/s, xact 0 us, query 0 us, wait 0 us
2023-02-17 11:27:25.294 PKT [9129] LOG stats: 0 xacts/s, 0 queries/s, in 0 B/s, out 0 B/s, xact 0 us, query 0 us, wait 0 us
2023-02-17 11:28:25.294 PKT [9129] LOG stats: 0 xacts/s, 0 queries/s, in 0 B/s, out 0 B/s, xact 0 us, query 0 us, wait 0 us
2023-02-17 11:29:25.296 PKT [9129] LOG stats: 0 xacts/s, 0 queries/s, in 0 B/s, out 0 B/s, xact 0 us, query 0 us, wait 0 us
2023-02-17 11:30:25.296 PKT [9129] LOG stats: 0 xacts/s, 0 queries/s, in 0 B/s, out 0 B/s, xact 0 us, query 0 us, wait 0 us
2023-02-17 11:31:25.295 PKT [9129] LOG stats: 0 xacts/s, 0 queries/s, in 0 B/s, out 0 B/s, xact 0 us, query 0 us, wait 0 us
2023-02-17 11:32:25.298 PKT [9129] LOG stats: 0 xacts/s, 0 queries/s, in 0 B/s, out 0 B/s, xact 0 us, query 0 us, wait 0 us
2023-02-17 11:33:25.295 PKT [9129] LOG stats: 0 xacts/s, 0 queries/s, in 0 B/s, out 0 B/s, xact 0 us, query 0 us, wait 0 us
2023-02-17 11:34:25.297 PKT [9129] LOG stats: 0 xacts/s, 0 queries/s, in 0 B/s, out 0 B/s, xact 0 us, query 0 us, wait 0 us
2023-02-17 11:35:25.295 PKT [9129] LOG stats: 0 xacts/s, 0 queries/s, in 0 B/s, out 0 B/s, xact 0 us, query 0 us, wait 0 us
2023-02-17 11:36:25.295 PKT [9129] LOG stats: 0 xacts/s, 0 queries/s, in 0 B/s, out 0 B/s, xact 0 us, query 0 us, wait 0 us
2023-02-17 11:37:25.298 PKT [9129] LOG stats: 0 xacts/s, 0 queries/s, in 0 B/s, out 0 B/s, xact 0 us, query 0 us, wait 0 us
2023-02-17 11:38:25.295 PKT [9129] LOG stats: 0 xacts/s, 0 queries/s, in 0 B/s, out 0 B/s, xact 0 us, query 0 us, wait 0 us
2023-02-17 11:39:25.296 PKT [9129] LOG stats: 0 xacts/s, 0 queries/s, in 0 B/s, out 0 B/s, xact 0 us, query 0 us, wait 0 us
2023-02-17 11:40:25.297 PKT [9129] LOG stats: 0 xacts/s, 0 queries/s, in 0 B/s, out 0 B/s, xact 0 us, query 0 us, wait 0 us
2023-02-17 11:41:25.294 PKT [9129] LOG stats: 0 xacts/s, 0 queries/s, in 0 B/s, out 0 B/s, xact 0 us, query 0 us, wait 0 us
2023-02-17 11:42:25.298 PKT [9129] LOG stats: 0 xacts/s, 0 queries/s, in 0 B/s, out 0 B/s, xact 0 us, query 0 us, wait 0 us
2023-02-17 11:43:25.299 PKT [9129] LOG stats: 0 xacts/s, 0 queries/s, in 0 B/s, out 0 B/s, xact 0 us, query 0 us, wait 0 us
2023-02-17 11:44:25.295 PKT [9129] LOG stats: 0 xacts/s, 0 queries/s, in 0 B/s, out 0 B/s, xact 0 us, query 0 us, wait 0 us
2023-02-17 11:45:25.294 PKT [9129] LOG stats: 0 xacts/s, 0 queries/s, in 0 B/s, out 0 B/s, xact 0 us, query 0 us, wait 0 us
2023-02-17 11:46:25.296 PKT [9129] LOG stats: 0 xacts/s, 0 queries/s, in 0 B/s, out 0 B/s, xact 0 us, query 0 us, wait 0 us
2023-02-17 11:47:25.295 PKT [9129] LOG stats: 0 xacts/s, 0 queries/s, in 0 B/s, out 0 B/s, xact 0 us, query 0 us, wait 0 us
2023-02-17 11:48:25.298 PKT [9129] LOG stats: 0 xacts/s, 0 queries/s, in 0 B/s, out 0 B/s, xact 0 us, query 0 us, wait 0 us
2023-02-17 11:49:25.298 PKT [9129] LOG stats: 0 xacts/s, 0 queries/s, in 0 B/s, out 0 B/s, xact 0 us, query 0 us, wait 0 us
2023-02-17 11:50:25.294 PKT [9129] LOG stats: 0 xacts/s, 0 queries/s, in 0 B/s, out 0 B/s, xact 0 us, query 0 us, wait 0 us
2023-02-17 11:51:25.294 PKT [9129] LOG stats: 0 xacts/s, 0 queries/s, in 0 B/s, out 0 B/s, xact 0 us, query 0 us, wait 0 us
2023-02-17 11:52:25.294 PKT [9129] LOG stats: 0 xacts/s, 0 queries/s, in 0 B/s, out 0 B/s, xact 0 us, query 0 us, wait 0 us
2023-02-17 11:53:25.295 PKT [9129] LOG stats: 0 xacts/s, 0 queries/s, in 0 B/s, out 0 B/s, xact 0 us, query 0 us, wait 0 us
2023-02-17 11:54:25.297 PKT [9129] LOG stats: 0 xacts/s, 0 queries/s, in 0 B/s, out 0 B/s, xact 0 us, query 0 us, wait 0 us
2023-02-17 11:55:25.298 PKT [9129] LOG stats: 0 xacts/s, 0 queries/s, in 0 B/s, out 0 B/s, xact 0 us, query 0 us, wait 0 us
2023-02-17 11:56:25.299 PKT [9129] LOG stats: 0 xacts/s, 0 queries/s, in 0 B/s, out 0 B/s, xact 0 us, query 0 us, wait 0 us
2023-02-17 11:57:25.294 PKT [9129] LOG stats: 0 xacts/s, 0 queries/s, in 0 B/s, out 0 B/s, xact 0 us, query 0 us, wait 0 us
2023-02-17 11:58:25.295 PKT [9129] LOG stats: 0 xacts/s, 0 queries/s, in 0 B/s, out 0 B/s, xact 0 us, query 0 us, wait 0 us
2023-02-17 11:59:25.297 PKT [9129] LOG stats: 0 xacts/s, 0 queries/s, in 0 B/s, out 0 B/s, xact 0 us, query 0 us, wait 0 us
2023-02-17 12:00:25.294 PKT [9129] LOG stats: 0 xacts/s, 0 queries/s, in 0 B/s, out 0 B/s, xact 0 us, query 0 us, wait 0 us
2023-02-17 12:01:25.295 PKT [9129] LOG stats: 0 xacts/s, 0 queries/s, in 0 B/s, out 0 B/s, xact 0 us, query 0 us, wait 0 us
2023-02-17 12:02:25.298 PKT [9129] LOG stats: 0 xacts/s, 0 queries/s, in 0 B/s, out 0 B/s, xact 0 us, query 0 us, wait 0 us
2023-02-17 12:03:25.299 PKT [9129] LOG stats: 0 xacts/s, 0 queries/s, in 0 B/s, out 0 B/s, xact 0 us, query 0 us, wait 0 us
2023-02-17 12:04:25.295 PKT [9129] LOG stats: 0 xacts/s, 0 queries/s, in 0 B/s, out 0 B/s, xact 0 us, query 0 us, wait 0 us
2023-02-17 12:05:25.296 PKT [9129] LOG stats: 0 xacts/s, 0 queries/s, in 0 B/s, out 0 B/s, xact 0 us, query 0 us, wait 0 us
2023-02-17 12:06:25.296 PKT [9129] LOG stats: 0 xacts/s, 0 queries/s, in 0 B/s, out 0 B/s, xact 0 us, query 0 us, wait 0 us
2023-02-17 12:07:25.295 PKT [9129] LOG stats: 0 xacts/s, 0 queries/s, in 0 B/s, out 0 B/s, xact 0 us, query 0 us, wait 0 us
2023-02-17 12:08:25.296 PKT [9129] LOG stats: 0 xacts/s, 0 queries/s, in 0 B/s, out 0 B/s, xact 0 us, query 0 us, wait 0 us
2023-02-17 12:09:25.294 PKT [9129] LOG stats: 0 xacts/s, 0 queries/s, in 0 B/s, out 0 B/s, xact 0 us, query 0 us, wait 0 us
2023-02-17 12:10:25.295 PKT [9129] LOG stats: 0 xacts/s, 0 queries/s, in 0 B/s, out 0 B/s, xact 0 us, query 0 us, wait 0 us
2023-02-17 12:11:25.298 PKT [9129] LOG stats: 0 xacts/s, 0 queries/s, in 0 B/s, out 0 B/s, xact 0 us, query 0 us, wait 0 us
2023-02-17 12:12:25.298 PKT [9129] LOG stats: 0 xacts/s, 0 queries/s, in 0 B/s, out 0 B/s, xact 0 us, query 0 us, wait 0 us
2023-02-17 12:13:25.298 PKT [9129] LOG stats: 0 xacts/s, 0 queries/s, in 0 B/s, out 0 B/s, xact 0 us, query 0 us, wait 0 us
2023-02-17 12:14:25.295 PKT [9129] LOG stats: 0 xacts/s, 0 queries/s, in 0 B/s, out 0 B/s, xact 0 us, query 0 us, wait 0 us
2023-02-17 12:15:25.294 PKT [9129] LOG stats: 0 xacts/s, 0 queries/s, in 0 B/s, out 0 B/s, xact 0 us, query 0 us, wait 0 us
2023-02-17 12:16:25.296 PKT [9129] LOG stats: 0 xacts/s, 0 queries/s, in 0 B/s, out 0 B/s, xact 0 us, query 0 us, wait 0 us
2023-02-17 12:17:25.296 PKT [9129] LOG stats: 0 xacts/s, 0 queries/s, in 0 B/s, out 0 B/s, xact 0 us, query 0 us, wait 0 us
2023-02-17 12:18:25.295 PKT [9129] LOG stats: 0 xacts/s, 0 queries/s, in 0 B/s, out 0 B/s, xact 0 us, query 0 us, wait 0 us
2023-02-17 12:19:25.295 PKT [9129] LOG stats: 0 xacts/s, 0 queries/s, in 0 B/s, out 0 B/s, xact 0 us, query 0 us, wait 0 us
2023-02-17 12:20:25.298 PKT [9129] LOG stats: 0 xacts/s, 0 queries/s, in 0 B/s, out 0 B/s, xact 0 us, query 0 us, wait 0 us
2023-02-17 12:21:25.298 PKT [9129] LOG stats: 0 xacts/s, 0 queries/s, in 0 B/s, out 0 B/s, xact 0 us, query 0 us, wait 0 us
2023-02-17 12:22:25.299 PKT [9129] LOG stats: 0 xacts/s, 0 queries/s, in 0 B/s, out 0 B/s, xact 0 us, query 0 us, wait 0 us
2023-02-17 12:23:25.295 PKT [9129] LOG stats: 0 xacts/s, 0 queries/s, in 0 B/s, out 0 B/s, xact 0 us, query 0 us, wait 0 us
2023-02-17 12:24:25.295 PKT [9129] LOG stats: 0 xacts/s, 0 queries/s, in 0 B/s, out 0 B/s, xact 0 us, query 0 us, wait 0 us
2023-02-17 12:25:25.297 PKT [9129] LOG stats: 0 xacts/s, 0 queries/s, in 0 B/s, out 0 B/s, xact 0 us, query 0 us, wait 0 us
2023-02-17 12:26:25.295 PKT [9129] LOG stats: 0 xacts/s, 0 queries/s, in 0 B/s, out 0 B/s, xact 0 us, query 0 us, wait 0 us
2023-02-17 12:27:25.294 PKT [9129] LOG stats: 0 xacts/s, 0 queries/s, in 0 B/s, out 0 B/s, xact 0 us, query 0 us, wait 0 us
2023-02-17 12:28:25.294 PKT [9129] LOG stats: 0 xacts/s, 0 queries/s, in 0 B/s, out 0 B/s, xact 0 us, query 0 us, wait 0 us
2023-02-17 12:29:25.298 PKT [9129] LOG stats: 0 xacts/s, 0 queries/s, in 0 B/s, out 0 B/s, xact 0 us, query 0 us, wait 0 us
2023-02-17 12:30:25.298 PKT [9129] LOG stats: 0 xacts/s, 0 queries/s, in 0 B/s, out 0 B/s, xact 0 us, query 0 us, wait 0 us
2023-02-17 12:31:25.294 PKT [9129] LOG stats: 0 xacts/s, 0 queries/s, in 0 B/s, out 0 B/s, xact 0 us, query 0 us, wait 0 us
2023-02-17 12:32:25.295 PKT [9129] LOG stats: 0 xacts/s, 0 queries/s, in 0 B/s, out 0 B/s, xact 0 us, query 0 us, wait 0 us
2023-02-17 12:33:25.297 PKT [9129] LOG stats: 0 xacts/s, 0 queries/s, in 0 B/s, out 0 B/s, xact 0 us, query 0 us, wait 0 us
2023-02-17 12:34:25.296 PKT [9129] LOG stats: 0 xacts/s, 0 queries/s, in 0 B/s, out 0 B/s, xact 0 us, query 0 us, wait 0 us
2023-02-17 12:35:25.295 PKT [9129] LOG stats: 0 xacts/s, 0 queries/s, in 0 B/s, out 0 B/s, xact 0 us, query 0 us, wait 0 us
2023-02-17 12:36:25.294 PKT [9129] LOG stats: 0 xacts/s, 0 queries/s, in 0 B/s, out 0 B/s, xact 0 us, query 0 us, wait 0 us
2023-02-17 12:37:25.298 PKT [9129] LOG stats: 0 xacts/s, 0 queries/s, in 0 B/s, out 0 B/s, xact 0 us, query 0 us, wait 0 us
2023-02-17 12:38:25.299 PKT [9129] LOG stats: 0 xacts/s, 0 queries/s, in 0 B/s, out 0 B/s, xact 0 us, query 0 us, wait 0 us
2023-02-17 12:39:25.295 PKT [9129] LOG stats: 0 xacts/s, 0 queries/s, in 0 B/s, out 0 B/s, xact 0 us, query 0 us, wait 0 us
2023-02-17 12:40:25.295 PKT [9129] LOG stats: 0 xacts/s, 0 queries/s, in 0 B/s, out 0 B/s, xact 0 us, query 0 us, wait 0 us
2023-02-17 12:41:25.295 PKT [9129] LOG stats: 0 xacts/s, 0 queries/s, in 0 B/s, out 0 B/s, xact 0 us, query 0 us, wait 0 us
2023-02-17 12:42:25.295 PKT [9129] LOG stats: 0 xacts/s, 0 queries/s, in 0 B/s, out 0 B/s, xact 0 us, query 0 us, wait 0 us
2023-02-17 12:43:25.295 PKT [9129] LOG stats: 0 xacts/s, 0 queries/s, in 0 B/s, out 0 B/s, xact 0 us, query 0 us, wait 0 us
2023-02-17 12:44:25.296 PKT [9129] LOG stats: 0 xacts/s, 0 queries/s, in 0 B/s, out 0 B/s, xact 0 us, query 0 us, wait 0 us
2023-02-17 12:45:25.296 PKT [9129] LOG stats: 0 xacts/s, 0 queries/s, in 0 B/s, out 0 B/s, xact 0 us, query 0 us, wait 0 us
2023-02-17 12:46:25.296 PKT [9129] LOG stats: 0 xacts/s, 0 queries/s, in 0 B/s, out 0 B/s, xact 0 us, query 0 us, wait 0 us
2023-02-17 12:47:25.294 PKT [9129] LOG stats: 0 xacts/s, 0 queries/s, in 0 B/s, out 0 B/s, xact 0 us, query 0 us, wait 0 us
2023-02-17 12:48:25.294 PKT [9129] LOG stats: 0 xacts/s, 0 queries/s, in 0 B/s, out 0 B/s, xact 0 us, query 0 us, wait 0 us
2023-02-17 12:49:25.294 PKT [9129] LOG stats: 0 xacts/s, 0 queries/s, in 0 B/s, out 0 B/s, xact 0 us, query 0 us, wait 0 us
2023-02-17 12:50:25.295 PKT [9129] LOG stats: 0 xacts/s, 0 queries/s, in 0 B/s, out 0 B/s, xact 0 us, query 0 us, wait 0 us
2023-02-17 12:51:25.297 PKT [9129] LOG stats: 0 xacts/s, 0 queries/s, in 0 B/s, out 0 B/s, xact 0 us, query 0 us, wait 0 us
2023-02-17 12:52:25.299 PKT [9129] LOG stats: 0 xacts/s, 0 queries/s, in 0 B/s, out 0 B/s, xact 0 us, query 0 us, wait 0 us
2023-02-17 12:53:25.299 PKT [9129] LOG stats: 0 xacts/s, 0 queries/s, in 0 B/s, out 0 B/s, xact 0 us, query 0 us, wait 0 us
2023-02-17 12:54:25.298 PKT [9129] LOG stats: 0 xacts/s, 0 queries/s, in 0 B/s, out 0 B/s, xact 0 us, query 0 us, wait 0 us
2023-02-17 12:55:25.299 PKT [9129] LOG stats: 0 xacts/s, 0 queries/s, in 0 B/s, out 0 B/s, xact 0 us, query 0 us, wait 0 us
2023-02-17 12:56:25.294 PKT [9129] LOG stats: 0 xacts/s, 0 queries/s, in 0 B/s, out 0 B/s, xact 0 us, query 0 us, wait 0 us
2023-02-17 12:57:25.294 PKT [9129] LOG stats: 0 xacts/s, 0 queries/s, in 0 B/s, out 0 B/s, xact 0 us, query 0 us, wait 0 us
2023-02-17 12:58:25.294 PKT [9129] LOG stats: 0 xacts/s, 0 queries/s, in 0 B/s, out 0 B/s, xact 0 us, query 0 us, wait 0 us
2023-02-17 12:59:25.294 PKT [9129] LOG stats: 0 xacts/s, 0 queries/s, in 0 B/s, out 0 B/s, xact 0 us, query 0 us, wait 0 us
2023-02-17 13:00:25.296 PKT [9129] LOG stats: 0 xacts/s, 0 queries/s, in 0 B/s, out 0 B/s, xact 0 us, query 0 us, wait 0 us
2023-02-17 13:01:25.295 PKT [9129] LOG stats: 0 xacts/s, 0 queries/s, in 0 B/s, out 0 B/s, xact 0 us, query 0 us, wait 0 us
2023-02-17 13:02:25.299 PKT [9129] LOG stats: 0 xacts/s, 0 queries/s, in 0 B/s, out 0 B/s, xact 0 us, query 0 us, wait 0 us
2023-02-17 13:03:25.298 PKT [9129] LOG stats: 0 xacts/s, 0 queries/s, in 0 B/s, out 0 B/s, xact 0 us, query 0 us, wait 0 us
2023-02-17 13:04:25.298 PKT [9129] LOG stats: 0 xacts/s, 0 queries/s, in 0 B/s, out 0 B/s, xact 0 us, query 0 us, wait 0 us
2023-02-17 13:05:25.295 PKT [9129] LOG stats: 0 xacts/s, 0 queries/s, in 0 B/s, out 0 B/s, xact 0 us, query 0 us, wait 0 us
2023-02-17 13:06:25.294 PKT [9129] LOG stats: 0 xacts/s, 0 queries/s, in 0 B/s, out 0 B/s, xact 0 us, query 0 us, wait 0 us
2023-02-17 13:07:25.296 PKT [9129] LOG stats: 0 xacts/s, 0 queries/s, in 0 B/s, out 0 B/s, xact 0 us, query 0 us, wait 0 us
2023-02-17 13:08:25.295 PKT [9129] LOG stats: 0 xacts/s, 0 queries/s, in 0 B/s, out 0 B/s, xact 0 us, query 0 us, wait 0 us
2023-02-17 13:09:25.295 PKT [9129] LOG stats: 0 xacts/s, 0 queries/s, in 0 B/s, out 0 B/s, xact 0 us, query 0 us, wait 0 us
2023-02-17 13:10:25.295 PKT [9129] LOG stats: 0 xacts/s, 0 queries/s, in 0 B/s, out 0 B/s, xact 0 us, query 0 us, wait 0 us
2023-02-17 13:11:25.294 PKT [9129] LOG stats: 0 xacts/s, 0 queries/s, in 0 B/s, out 0 B/s, xact 0 us, query 0 us, wait 0 us
2023-02-17 13:12:25.298 PKT [9129] LOG stats: 0 xacts/s, 0 queries/s, in 0 B/s, out 0 B/s, xact 0 us, query 0 us, wait 0 us
2023-02-17 13:13:25.298 PKT [9129] LOG stats: 0 xacts/s, 0 queries/s, in 0 B/s, out 0 B/s, xact 0 us, query 0 us, wait 0 us
2023-02-17 13:14:25.295 PKT [9129] LOG stats: 0 xacts/s, 0 queries/s, in 0 B/s, out 0 B/s, xact 0 us, query 0 us, wait 0 us
2023-02-17 13:15:25.294 PKT [9129] LOG stats: 0 xacts/s, 0 queries/s, in 0 B/s, out 0 B/s, xact 0 us, query 0 us, wait 0 us
2023-02-17 13:16:25.298 PKT [9129] LOG stats: 0 xacts/s, 0 queries/s, in 0 B/s, out 0 B/s, xact 0 us, query 0 us, wait 0 us
2023-02-17 13:17:25.295 PKT [9129] LOG stats: 0 xacts/s, 0 queries/s, in 0 B/s, out 0 B/s, xact 0 us, query 0 us, wait 0 us
2023-02-17 13:18:25.294 PKT [9129] LOG stats: 0 xacts/s, 0 queries/s, in 0 B/s, out 0 B/s, xact 0 us, query 0 us, wait 0 us
2023-02-17 13:19:25.299 PKT [9129] LOG stats: 0 xacts/s, 0 queries/s, in 0 B/s, out 0 B/s, xact 0 us, query 0 us, wait 0 us
2023-02-17 13:20:25.296 PKT [9129] LOG stats: 0 xacts/s, 0 queries/s, in 0 B/s, out 0 B/s, xact 0 us, query 0 us, wait 0 us
2023-02-17 13:21:25.297 PKT [9129] LOG stats: 0 xacts/s, 0 queries/s, in 0 B/s, out 0 B/s, xact 0 us, query 0 us, wait 0 us
2023-02-17 13:22:25.294 PKT [9129] LOG stats: 0 xacts/s, 0 queries/s, in 0 B/s, out 0 B/s, xact 0 us, query 0 us, wait 0 us
2023-02-17 13:23:25.299 PKT [9129] LOG stats: 0 xacts/s, 0 queries/s, in 0 B/s, out 0 B/s, xact 0 us, query 0 us, wait 0 us
2023-02-17 13:24:25.296 PKT [9129] LOG stats: 0 xacts/s, 0 queries/s, in 0 B/s, out 0 B/s, xact 0 us, query 0 us, wait 0 us
2023-02-17 13:25:25.294 PKT [9129] LOG stats: 0 xacts/s, 0 queries/s, in 0 B/s, out 0 B/s, xact 0 us, query 0 us, wait 0 us
2023-02-17 13:26:25.294 PKT [9129] LOG stats: 0 xacts/s, 0 queries/s, in 0 B/s, out 0 B/s, xact 0 us, query 0 us, wait 0 us
2023-02-17 13:27:25.299 PKT [9129] LOG stats: 0 xacts/s, 0 queries/s, in 0 B/s, out 0 B/s, xact 0 us, query 0 us, wait 0 us
2023-02-17 13:28:25.299 PKT [9129] LOG stats: 0 xacts/s, 0 queries/s, in 0 B/s, out 0 B/s, xact 0 us, query 0 us, wait 0 us
2023-02-17 13:29:25.295 PKT [9129] LOG stats: 0 xacts/s, 0 queries/s, in 0 B/s, out 0 B/s, xact 0 us, query 0 us, wait 0 us
2023-02-17 13:30:25.296 PKT [9129] LOG stats: 0 xacts/s, 0 queries/s, in 0 B/s, out 0 B/s, xact 0 us, query 0 us, wait 0 us
2023-02-17 13:31:25.295 PKT [9129] LOG stats: 0 xacts/s, 0 queries/s, in 0 B/s, out 0 B/s, xact 0 us, query 0 us, wait 0 us
2023-02-17 13:32:25.298 PKT [9129] LOG stats: 0 xacts/s, 0 queries/s, in 0 B/s, out 0 B/s, xact 0 us, query 0 us, wait 0 us
2023-02-17 13:33:25.298 PKT [9129] LOG stats: 0 xacts/s, 0 queries/s, in 0 B/s, out 0 B/s, xact 0 us, query 0 us, wait 0 us
2023-02-17 13:34:25.295 PKT [9129] LOG stats: 0 xacts/s, 0 queries/s, in 0 B/s, out 0 B/s, xact 0 us, query 0 us, wait 0 us
2023-02-17 13:35:25.294 PKT [9129] LOG stats: 0 xacts/s, 0 queries/s, in 0 B/s, out 0 B/s, xact 0 us, query 0 us, wait 0 us
2023-02-17 13:36:25.294 PKT [9129] LOG stats: 0 xacts/s, 0 queries/s, in 0 B/s, out 0 B/s, xact 0 us, query 0 us, wait 0 us
2023-02-17 13:37:25.294 PKT [9129] LOG stats: 0 xacts/s, 0 queries/s, in 0 B/s, out 0 B/s, xact 0 us, query 0 us, wait 0 us
2023-02-17 13:38:25.299 PKT [9129] LOG stats: 0 xacts/s, 0 queries/s, in 0 B/s, out 0 B/s, xact 0 us, query 0 us, wait 0 us
2023-02-17 13:39:25.299 PKT [9129] LOG stats: 0 xacts/s, 0 queries/s, in 0 B/s, out 0 B/s, xact 0 us, query 0 us, wait 0 us
2023-02-17 13:40:25.295 PKT [9129] LOG stats: 0 xacts/s, 0 queries/s, in 0 B/s, out 0 B/s, xact 0 us, query 0 us, wait 0 us
2023-02-17 13:41:25.296 PKT [9129] LOG stats: 0 xacts/s, 0 queries/s, in 0 B/s, out 0 B/s, xact 0 us, query 0 us, wait 0 us
2023-02-17 13:42:25.294 PKT [9129] LOG stats: 0 xacts/s, 0 queries/s, in 0 B/s, out 0 B/s, xact 0 us, query 0 us, wait 0 us
2023-02-17 13:43:25.294 PKT [9129] LOG stats: 0 xacts/s, 0 queries/s, in 0 B/s, out 0 B/s, xact 0 us, query 0 us, wait 0 us
2023-02-17 13:44:25.298 PKT [9129] LOG stats: 0 xacts/s, 0 queries/s, in 0 B/s, out 0 B/s, xact 0 us, query 0 us, wait 0 us
2023-02-17 13:45:25.299 PKT [9129] LOG stats: 0 xacts/s, 0 queries/s, in 0 B/s, out 0 B/s, xact 0 us, query 0 us, wait 0 us
2023-02-17 13:46:25.295 PKT [9129] LOG stats: 0 xacts/s, 0 queries/s, in 0 B/s, out 0 B/s, xact 0 us, query 0 us, wait 0 us
2023-02-17 13:47:25.297 PKT [9129] LOG stats: 0 xacts/s, 0 queries/s, in 0 B/s, out 0 B/s, xact 0 us, query 0 us, wait 0 us
2023-02-17 13:48:25.295 PKT [9129] LOG stats: 0 xacts/s, 0 queries/s, in 0 B/s, out 0 B/s, xact 0 us, query 0 us, wait 0 us
2023-02-17 13:49:25.297 PKT [9129] LOG stats: 0 xacts/s, 0 queries/s, in 0 B/s, out 0 B/s, xact 0 us, query 0 us, wait 0 us
2023-02-17 13:50:25.298 PKT [9129] LOG stats: 0 xacts/s, 0 queries/s, in 0 B/s, out 0 B/s, xact 0 us, query 0 us, wait 0 us
2023-02-17 13:51:25.298 PKT [9129] LOG stats: 0 xacts/s, 0 queries/s, in 0 B/s, out 0 B/s, xact 0 us, query 0 us, wait 0 us
2023-02-17 13:52:25.299 PKT [9129] LOG stats: 0 xacts/s, 0 queries/s, in 0 B/s, out 0 B/s, xact 0 us, query 0 us, wait 0 us
2023-02-17 13:53:25.295 PKT [9129] LOG stats: 0 xacts/s, 0 queries/s, in 0 B/s, out 0 B/s, xact 0 us, query 0 us, wait 0 us
2023-02-17 13:54:25.296 PKT [9129] LOG stats: 0 xacts/s, 0 queries/s, in 0 B/s, out 0 B/s, xact 0 us, query 0 us, wait 0 us
2023-02-17 13:55:25.295 PKT [9129] LOG stats: 0 xacts/s, 0 queries/s, in 0 B/s, out 0 B/s, xact 0 us, query 0 us, wait 0 us
2023-02-17 13:56:25.295 PKT [9129] LOG stats: 0 xacts/s, 0 queries/s, in 0 B/s, out 0 B/s, xact 0 us, query 0 us, wait 0 us
2023-02-17 13:57:25.294 PKT [9129] LOG stats: 0 xacts/s, 0 queries/s, in 0 B/s, out 0 B/s, xact 0 us, query 0 us, wait 0 us
2023-02-17 13:58:25.298 PKT [9129] LOG stats: 0 xacts/s, 0 queries/s, in 0 B/s, out 0 B/s, xact 0 us, query 0 us, wait 0 us
2023-02-17 13:59:25.299 PKT [9129] LOG stats: 0 xacts/s, 0 queries/s, in 0 B/s, out 0 B/s, xact 0 us, query 0 us, wait 0 us
2023-02-17 14:00:25.294 PKT [9129] LOG stats: 0 xacts/s, 0 queries/s, in 0 B/s, out 0 B/s, xact 0 us, query 0 us, wait 0 us
2023-02-17 14:01:25.296 PKT [9129] LOG stats: 0 xacts/s, 0 queries/s, in 0 B/s, out 0 B/s, xact 0 us, query 0 us, wait 0 us
2023-02-17 14:02:25.295 PKT [9129] LOG stats: 0 xacts/s, 0 queries/s, in 0 B/s, out 0 B/s, xact 0 us, query 0 us, wait 0 us
2023-02-17 14:03:25.297 PKT [9129] LOG stats: 0 xacts/s, 0 queries/s, in 0 B/s, out 0 B/s, xact 0 us, query 0 us, wait 0 us
2023-02-17 14:04:25.298 PKT [9129] LOG stats: 0 xacts/s, 0 queries/s, in 0 B/s, out 0 B/s, xact 0 us, query 0 us, wait 0 us
2023-02-17 14:05:25.299 PKT [9129] LOG stats: 0 xacts/s, 0 queries/s, in 0 B/s, out 0 B/s, xact 0 us, query 0 us, wait 0 us
2023-02-17 14:06:25.294 PKT [9129] LOG stats: 0 xacts/s, 0 queries/s, in 0 B/s, out 0 B/s, xact 0 us, query 0 us, wait 0 us
2023-02-17 14:07:25.295 PKT [9129] LOG stats: 0 xacts/s, 0 queries/s, in 0 B/s, out 0 B/s, xact 0 us, query 0 us, wait 0 us
2023-02-17 14:08:25.296 PKT [9129] LOG stats: 0 xacts/s, 0 queries/s, in 0 B/s, out 0 B/s, xact 0 us, query 0 us, wait 0 us
2023-02-17 14:09:25.295 PKT [9129] LOG stats: 0 xacts/s, 0 queries/s, in 0 B/s, out 0 B/s, xact 0 us, query 0 us, wait 0 us
2023-02-17 14:10:25.295 PKT [9129] LOG stats: 0 xacts/s, 0 queries/s, in 0 B/s, out 0 B/s, xact 0 us, query 0 us, wait 0 us
2023-02-17 14:11:25.298 PKT [9129] LOG stats: 0 xacts/s, 0 queries/s, in 0 B/s, out 0 B/s, xact 0 us, query 0 us, wait 0 us
2023-02-17 14:12:25.299 PKT [9129] LOG stats: 0 xacts/s, 0 queries/s, in 0 B/s, out 0 B/s, xact 0 us, query 0 us, wait 0 us
2023-02-17 14:13:25.294 PKT [9129] LOG stats: 0 xacts/s, 0 queries/s, in 0 B/s, out 0 B/s, xact 0 us, query 0 us, wait 0 us
2023-02-17 14:14:25.296 PKT [9129] LOG stats: 0 xacts/s, 0 queries/s, in 0 B/s, out 0 B/s, xact 0 us, query 0 us, wait 0 us
2023-02-17 14:15:25.295 PKT [9129] LOG stats: 0 xacts/s, 0 queries/s, in 0 B/s, out 0 B/s, xact 0 us, query 0 us, wait 0 us
2023-02-17 14:16:25.295 PKT [9129] LOG stats: 0 xacts/s, 0 queries/s, in 0 B/s, out 0 B/s, xact 0 us, query 0 us, wait 0 us
2023-02-17 14:17:25.298 PKT [9129] LOG stats: 0 xacts/s, 0 queries/s, in 0 B/s, out 0 B/s, xact 0 us, query 0 us, wait 0 us
2023-02-17 14:18:25.298 PKT [9129] LOG stats: 0 xacts/s, 0 queries/s, in 0 B/s, out 0 B/s, xact 0 us, query 0 us, wait 0 us
2023-02-17 14:19:25.295 PKT [9129] LOG stats: 0 xacts/s, 0 queries/s, in 0 B/s, out 0 B/s, xact 0 us, query 0 us, wait 0 us
2023-02-17 14:20:25.294 PKT [9129] LOG stats: 0 xacts/s, 0 queries/s, in 0 B/s, out 0 B/s, xact 0 us, query 0 us, wait 0 us
2023-02-17 14:21:25.296 PKT [9129] LOG stats: 0 xacts/s, 0 queries/s, in 0 B/s, out 0 B/s, xact 0 us, query 0 us, wait 0 us
2023-02-17 14:22:25.294 PKT [9129] LOG stats: 0 xacts/s, 0 queries/s, in 0 B/s, out 0 B/s, xact 0 us, query 0 us, wait 0 us
2023-02-17 14:23:25.296 PKT [9129] LOG stats: 0 xacts/s, 0 queries/s, in 0 B/s, out 0 B/s, xact 0 us, query 0 us, wait 0 us
2023-02-17 14:24:25.296 PKT [9129] LOG stats: 0 xacts/s, 0 queries/s, in 0 B/s, out 0 B/s, xact 0 us, query 0 us, wait 0 us
2023-02-17 14:25:25.297 PKT [9129] LOG stats: 0 xacts/s, 0 queries/s, in 0 B/s, out 0 B/s, xact 0 us, query 0 us, wait 0 us
2023-02-17 14:26:25.296 PKT [9129] LOG stats: 0 xacts/s, 0 queries/s, in 0 B/s, out 0 B/s, xact 0 us, query 0 us, wait 0 us
2023-02-17 14:27:25.297 PKT [9129] LOG stats: 0 xacts/s, 0 queries/s, in 0 B/s, out 0 B/s, xact 0 us, query 0 us, wait 0 us
2023-02-17 14:28:25.296 PKT [9129] LOG stats: 0 xacts/s, 0 queries/s, in 0 B/s, out 0 B/s, xact 0 us, query 0 us, wait 0 us
2023-02-17 14:29:25.296 PKT [9129] LOG stats: 0 xacts/s, 0 queries/s, in 0 B/s, out 0 B/s, xact 0 us, query 0 us, wait 0 us
2023-02-17 14:30:25.296 PKT [9129] LOG stats: 0 xacts/s, 0 queries/s, in 0 B/s, out 0 B/s, xact 0 us, query 0 us, wait 0 us
2023-02-17 14:31:25.294 PKT [9129] LOG stats: 0 xacts/s, 0 queries/s, in 0 B/s, out 0 B/s, xact 0 us, query 0 us, wait 0 us
2023-02-17 14:32:25.294 PKT [9129] LOG stats: 0 xacts/s, 0 queries/s, in 0 B/s, out 0 B/s, xact 0 us, query 0 us, wait 0 us
2023-02-17 14:33:25.294 PKT [9129] LOG stats: 0 xacts/s, 0 queries/s, in 0 B/s, out 0 B/s, xact 0 us, query 0 us, wait 0 us
2023-02-17 14:34:25.294 PKT [9129] LOG stats: 0 xacts/s, 0 queries/s, in 0 B/s, out 0 B/s, xact 0 us, query 0 us, wait 0 us
2023-02-17 14:35:25.298 PKT [9129] LOG stats: 0 xacts/s, 0 queries/s, in 0 B/s, out 0 B/s, xact 0 us, query 0 us, wait 0 us
2023-02-17 14:36:25.299 PKT [9129] LOG stats: 0 xacts/s, 0 queries/s, in 0 B/s, out 0 B/s, xact 0 us, query 0 us, wait 0 us
2023-02-17 14:37:25.298 PKT [9129] LOG stats: 0 xacts/s, 0 queries/s, in 0 B/s, out 0 B/s, xact 0 us, query 0 us, wait 0 us
2023-02-17 14:38:25.295 PKT [9129] LOG stats: 0 xacts/s, 0 queries/s, in 0 B/s, out 0 B/s, xact 0 us, query 0 us, wait 0 us
2023-02-17 14:39:25.295 PKT [9129] LOG stats: 0 xacts/s, 0 queries/s, in 0 B/s, out 0 B/s, xact 0 us, query 0 us, wait 0 us
2023-02-17 14:40:25.295 PKT [9129] LOG stats: 0 xacts/s, 0 queries/s, in 0 B/s, out 0 B/s, xact 0 us, query 0 us, wait 0 us
2023-02-17 14:41:25.296 PKT [9129] LOG stats: 0 xacts/s, 0 queries/s, in 0 B/s, out 0 B/s, xact 0 us, query 0 us, wait 0 us
2023-02-17 14:42:25.295 PKT [9129] LOG stats: 0 xacts/s, 0 queries/s, in 0 B/s, out 0 B/s, xact 0 us, query 0 us, wait 0 us
2023-02-17 14:43:25.295 PKT [9129] LOG stats: 0 xacts/s, 0 queries/s, in 0 B/s, out 0 B/s, xact 0 us, query 0 us, wait 0 us
2023-02-17 14:44:25.295 PKT [9129] LOG stats: 0 xacts/s, 0 queries/s, in 0 B/s, out 0 B/s, xact 0 us, query 0 us, wait 0 us
2023-02-17 14:45:25.299 PKT [9129] LOG stats: 0 xacts/s, 0 queries/s, in 0 B/s, out 0 B/s, xact 0 us, query 0 us, wait 0 us
2023-02-17 14:46:25.298 PKT [9129] LOG stats: 0 xacts/s, 0 queries/s, in 0 B/s, out 0 B/s, xact 0 us, query 0 us, wait 0 us
2023-02-17 14:47:25.294 PKT [9129] LOG stats: 0 xacts/s, 0 queries/s, in 0 B/s, out 0 B/s, xact 0 us, query 0 us, wait 0 us
2023-02-17 14:48:25.294 PKT [9129] LOG stats: 0 xacts/s, 0 queries/s, in 0 B/s, out 0 B/s, xact 0 us, query 0 us, wait 0 us
2023-02-17 14:49:25.296 PKT [9129] LOG stats: 0 xacts/s, 0 queries/s, in 0 B/s, out 0 B/s, xact 0 us, query 0 us, wait 0 us
2023-02-17 14:50:25.294 PKT [9129] LOG stats: 0 xacts/s, 0 queries/s, in 0 B/s, out 0 B/s, xact 0 us, query 0 us, wait 0 us
2023-02-17 14:51:25.294 PKT [9129] LOG stats: 0 xacts/s, 0 queries/s, in 0 B/s, out 0 B/s, xact 0 us, query 0 us, wait 0 us
2023-02-17 14:52:25.294 PKT [9129] LOG stats: 0 xacts/s, 0 queries/s, in 0 B/s, out 0 B/s, xact 0 us, query 0 us, wait 0 us
2023-02-17 14:53:25.299 PKT [9129] LOG stats: 0 xacts/s, 0 queries/s, in 0 B/s, out 0 B/s, xact 0 us, query 0 us, wait 0 us
2023-02-17 14:54:25.298 PKT [9129] LOG stats: 0 xacts/s, 0 queries/s, in 0 B/s, out 0 B/s, xact 0 us, query 0 us, wait 0 us
2023-02-17 14:55:25.298 PKT [9129] LOG stats: 0 xacts/s, 0 queries/s, in 0 B/s, out 0 B/s, xact 0 us, query 0 us, wait 0 us
2023-02-17 14:56:25.295 PKT [9129] LOG stats: 0 xacts/s, 0 queries/s, in 0 B/s, out 0 B/s, xact 0 us, query 0 us, wait 0 us
2023-02-17 14:57:25.296 PKT [9129] LOG stats: 0 xacts/s, 0 queries/s, in 0 B/s, out 0 B/s, xact 0 us, query 0 us, wait 0 us
2023-02-17 14:58:25.296 PKT [9129] LOG stats: 0 xacts/s, 0 queries/s, in 0 B/s, out 0 B/s, xact 0 us, query 0 us, wait 0 us
2023-02-17 14:59:25.297 PKT [9129] LOG stats: 0 xacts/s, 0 queries/s, in 0 B/s, out 0 B/s, xact 0 us, query 0 us, wait 0 us
2023-02-17 15:00:25.299 PKT [9129] LOG stats: 0 xacts/s, 0 queries/s, in 0 B/s, out 0 B/s, xact 0 us, query 0 us, wait 0 us
2023-02-17 15:01:25.298 PKT [9129] LOG stats: 0 xacts/s, 0 queries/s, in 0 B/s, out 0 B/s, xact 0 us, query 0 us, wait 0 us
2023-02-17 15:02:25.295 PKT [9129] LOG stats: 0 xacts/s, 0 queries/s, in 0 B/s, out 0 B/s, xact 0 us, query 0 us, wait 0 us
2023-02-17 15:03:25.296 PKT [9129] LOG stats: 0 xacts/s, 0 queries/s, in 0 B/s, out 0 B/s, xact 0 us, query 0 us, wait 0 us
2023-02-17 15:04:25.295 PKT [9129] LOG stats: 0 xacts/s, 0 queries/s, in 0 B/s, out 0 B/s, xact 0 us, query 0 us, wait 0 us
2023-02-17 15:05:25.296 PKT [9129] LOG stats: 0 xacts/s, 0 queries/s, in 0 B/s, out 0 B/s, xact 0 us, query 0 us, wait 0 us
2023-02-17 15:06:25.298 PKT [9129] LOG stats: 0 xacts/s, 0 queries/s, in 0 B/s, out 0 B/s, xact 0 us, query 0 us, wait 0 us
2023-02-17 15:07:25.298 PKT [9129] LOG stats: 0 xacts/s, 0 queries/s, in 0 B/s, out 0 B/s, xact 0 us, query 0 us, wait 0 us
2023-02-17 15:08:25.294 PKT [9129] LOG stats: 0 xacts/s, 0 queries/s, in 0 B/s, out 0 B/s, xact 0 us, query 0 us, wait 0 us
2023-02-17 15:09:25.296 PKT [9129] LOG stats: 0 xacts/s, 0 queries/s, in 0 B/s, out 0 B/s, xact 0 us, query 0 us, wait 0 us
2023-02-17 15:10:25.295 PKT [9129] LOG stats: 0 xacts/s, 0 queries/s, in 0 B/s, out 0 B/s, xact 0 us, query 0 us, wait 0 us
2023-02-17 15:11:25.296 PKT [9129] LOG stats: 0 xacts/s, 0 queries/s, in 0 B/s, out 0 B/s, xact 0 us, query 0 us, wait 0 us
2023-02-17 15:12:25.295 PKT [9129] LOG stats: 0 xacts/s, 0 queries/s, in 0 B/s, out 0 B/s, xact 0 us, query 0 us, wait 0 us
2023-02-17 15:13:25.299 PKT [9129] LOG stats: 0 xacts/s, 0 queries/s, in 0 B/s, out 0 B/s, xact 0 us, query 0 us, wait 0 us
2023-02-17 15:14:25.298 PKT [9129] LOG stats: 0 xacts/s, 0 queries/s, in 0 B/s, out 0 B/s, xact 0 us, query 0 us, wait 0 us
2023-02-17 15:15:25.294 PKT [9129] LOG stats: 0 xacts/s, 0 queries/s, in 0 B/s, out 0 B/s, xact 0 us, query 0 us, wait 0 us
2023-02-17 15:16:25.294 PKT [9129] LOG stats: 0 xacts/s, 0 queries/s, in 0 B/s, out 0 B/s, xact 0 us, query 0 us, wait 0 us
2023-02-17 15:17:25.296 PKT [9129] LOG stats: 0 xacts/s, 0 queries/s, in 0 B/s, out 0 B/s, xact 0 us, query 0 us, wait 0 us
2023-02-17 15:18:25.296 PKT [9129] LOG stats: 0 xacts/s, 0 queries/s, in 0 B/s, out 0 B/s, xact 0 us, query 0 us, wait 0 us
2023-02-17 15:19:25.295 PKT [9129] LOG stats: 0 xacts/s, 0 queries/s, in 0 B/s, out 0 B/s, xact 0 us, query 0 us, wait 0 us
2023-02-17 15:20:25.299 PKT [9129] LOG stats: 0 xacts/s, 0 queries/s, in 0 B/s, out 0 B/s, xact 0 us, query 0 us, wait 0 us
2023-02-17 15:21:25.299 PKT [9129] LOG stats: 0 xacts/s, 0 queries/s, in 0 B/s, out 0 B/s, xact 0 us, query 0 us, wait 0 us
2023-02-17 15:22:25.294 PKT [9129] LOG stats: 0 xacts/s, 0 queries/s, in 0 B/s, out 0 B/s, xact 0 us, query 0 us, wait 0 us
2023-02-17 15:23:25.296 PKT [9129] LOG stats: 0 xacts/s, 0 queries/s, in 0 B/s, out 0 B/s, xact 0 us, query 0 us, wait 0 us
2023-02-17 15:24:25.294 PKT [9129] LOG stats: 0 xacts/s, 0 queries/s, in 0 B/s, out 0 B/s, xact 0 us, query 0 us, wait 0 us
2023-02-17 15:25:25.294 PKT [9129] LOG stats: 0 xacts/s, 0 queries/s, in 0 B/s, out 0 B/s, xact 0 us, query 0 us, wait 0 us
2023-02-17 15:26:25.294 PKT [9129] LOG stats: 0 xacts/s, 0 queries/s, in 0 B/s, out 0 B/s, xact 0 us, query 0 us, wait 0 us
2023-02-17 15:27:25.298 PKT [9129] LOG stats: 0 xacts/s, 0 queries/s, in 0 B/s, out 0 B/s, xact 0 us, query 0 us, wait 0 us
2023-02-17 15:28:25.299 PKT [9129] LOG stats: 0 xacts/s, 0 queries/s, in 0 B/s, out 0 B/s, xact 0 us, query 0 us, wait 0 us
2023-02-17 15:29:25.295 PKT [9129] LOG stats: 0 xacts/s, 0 queries/s, in 0 B/s, out 0 B/s, xact 0 us, query 0 us, wait 0 us
2023-02-17 15:30:25.295 PKT [9129] LOG stats: 0 xacts/s, 0 queries/s, in 0 B/s, out 0 B/s, xact 0 us, query 0 us, wait 0 us
2023-02-17 15:31:25.296 PKT [9129] LOG stats: 0 xacts/s, 0 queries/s, in 0 B/s, out 0 B/s, xact 0 us, query 0 us, wait 0 us
2023-02-17 15:32:25.296 PKT [9129] LOG stats: 0 xacts/s, 0 queries/s, in 0 B/s, out 0 B/s, xact 0 us, query 0 us, wait 0 us
2023-02-17 15:33:25.295 PKT [9129] LOG stats: 0 xacts/s, 0 queries/s, in 0 B/s, out 0 B/s, xact 0 us, query 0 us, wait 0 us
2023-02-17 15:34:25.294 PKT [9129] LOG stats: 0 xacts/s, 0 queries/s, in 0 B/s, out 0 B/s, xact 0 us, query 0 us, wait 0 us
2023-02-17 15:35:25.295 PKT [9129] LOG stats: 0 xacts/s, 0 queries/s, in 0 B/s, out 0 B/s, xact 0 us, query 0 us, wait 0 us
2023-02-17 15:36:25.298 PKT [9129] LOG stats: 0 xacts/s, 0 queries/s, in 0 B/s, out 0 B/s, xact 0 us, query 0 us, wait 0 us
2023-02-17 15:37:25.298 PKT [9129] LOG stats: 0 xacts/s, 0 queries/s, in 0 B/s, out 0 B/s, xact 0 us, query 0 us, wait 0 us
2023-02-17 15:38:25.298 PKT [9129] LOG stats: 0 xacts/s, 0 queries/s, in 0 B/s, out 0 B/s, xact 0 us, query 0 us, wait 0 us
2023-02-17 15:39:25.295 PKT [9129] LOG stats: 0 xacts/s, 0 queries/s, in 0 B/s, out 0 B/s, xact 0 us, query 0 us, wait 0 us
2023-02-17 15:40:25.295 PKT [9129] LOG stats: 0 xacts/s, 0 queries/s, in 0 B/s, out 0 B/s, xact 0 us, query 0 us, wait 0 us
2023-02-17 15:41:25.295 PKT [9129] LOG stats: 0 xacts/s, 0 queries/s, in 0 B/s, out 0 B/s, xact 0 us, query 0 us, wait 0 us
2023-02-17 15:42:25.296 PKT [9129] LOG stats: 0 xacts/s, 0 queries/s, in 0 B/s, out 0 B/s, xact 0 us, query 0 us, wait 0 us
2023-02-17 15:43:25.294 PKT [9129] LOG stats: 0 xacts/s, 0 queries/s, in 0 B/s, out 0 B/s, xact 0 us, query 0 us, wait 0 us
2023-02-17 15:44:25.295 PKT [9129] LOG stats: 0 xacts/s, 0 queries/s, in 0 B/s, out 0 B/s, xact 0 us, query 0 us, wait 0 us
2023-02-17 15:45:25.298 PKT [9129] LOG stats: 0 xacts/s, 0 queries/s, in 0 B/s, out 0 B/s, xact 0 us, query 0 us, wait 0 us
2023-02-17 15:46:25.299 PKT [9129] LOG stats: 0 xacts/s, 0 queries/s, in 0 B/s, out 0 B/s, xact 0 us, query 0 us, wait 0 us
2023-02-17 15:47:25.294 PKT [9129] LOG stats: 0 xacts/s, 0 queries/s, in 0 B/s, out 0 B/s, xact 0 us, query 0 us, wait 0 us
2023-02-17 15:48:25.295 PKT [9129] LOG stats: 0 xacts/s, 0 queries/s, in 0 B/s, out 0 B/s, xact 0 us, query 0 us, wait 0 us
2023-02-17 15:49:25.294 PKT [9129] LOG stats: 0 xacts/s, 0 queries/s, in 0 B/s, out 0 B/s, xact 0 us, query 0 us, wait 0 us
2023-02-17 15:50:25.296 PKT [9129] LOG stats: 0 xacts/s, 0 queries/s, in 0 B/s, out 0 B/s, xact 0 us, query 0 us, wait 0 us
2023-02-17 15:51:25.297 PKT [9129] LOG stats: 0 xacts/s, 0 queries/s, in 0 B/s, out 0 B/s, xact 0 us, query 0 us, wait 0 us
2023-02-17 15:52:25.295 PKT [9129] LOG stats: 0 xacts/s, 0 queries/s, in 0 B/s, out 0 B/s, xact 0 us, query 0 us, wait 0 us
2023-02-17 15:53:25.299 PKT [9129] LOG stats: 0 xacts/s, 0 queries/s, in 0 B/s, out 0 B/s, xact 0 us, query 0 us, wait 0 us
2023-02-17 15:54:25.298 PKT [9129] LOG stats: 0 xacts/s, 0 queries/s, in 0 B/s, out 0 B/s, xact 0 us, query 0 us, wait 0 us
2023-02-17 15:55:25.299 PKT [9129] LOG stats: 0 xacts/s, 0 queries/s, in 0 B/s, out 0 B/s, xact 0 us, query 0 us, wait 0 us
2023-02-17 15:56:25.294 PKT [9129] LOG stats: 0 xacts/s, 0 queries/s, in 0 B/s, out 0 B/s, xact 0 us, query 0 us, wait 0 us
2023-02-17 15:57:25.297 PKT [9129] LOG stats: 0 xacts/s, 0 queries/s, in 0 B/s, out 0 B/s, xact 0 us, query 0 us, wait 0 us
2023-02-17 15:58:25.294 PKT [9129] LOG stats: 0 xacts/s, 0 queries/s, in 0 B/s, out 0 B/s, xact 0 us, query 0 us, wait 0 us
2023-02-17 15:59:25.297 PKT [9129] LOG stats: 0 xacts/s, 0 queries/s, in 0 B/s, out 0 B/s, xact 0 us, query 0 us, wait 0 us
2023-02-17 16:00:25.297 PKT [9129] LOG stats: 0 xacts/s, 0 queries/s, in 0 B/s, out 0 B/s, xact 0 us, query 0 us, wait 0 us
2023-02-17 16:01:25.299 PKT [9129] LOG stats: 0 xacts/s, 0 queries/s, in 0 B/s, out 0 B/s, xact 0 us, query 0 us, wait 0 us
2023-02-17 16:02:25.298 PKT [9129] LOG stats: 0 xacts/s, 0 queries/s, in 0 B/s, out 0 B/s, xact 0 us, query 0 us, wait 0 us
2023-02-17 16:03:25.294 PKT [9129] LOG stats: 0 xacts/s, 0 queries/s, in 0 B/s, out 0 B/s, xact 0 us, query 0 us, wait 0 us
2023-02-17 16:04:25.296 PKT [9129] LOG stats: 0 xacts/s, 0 queries/s, in 0 B/s, out 0 B/s, xact 0 us, query 0 us, wait 0 us
2023-02-17 16:05:25.295 PKT [9129] LOG stats: 0 xacts/s, 0 queries/s, in 0 B/s, out 0 B/s, xact 0 us, query 0 us, wait 0 us
2023-02-17 16:06:25.296 PKT [9129] LOG stats: 0 xacts/s, 0 queries/s, in 0 B/s, out 0 B/s, xact 0 us, query 0 us, wait 0 us
2023-02-17 16:07:25.295 PKT [9129] LOG stats: 0 xacts/s, 0 queries/s, in 0 B/s, out 0 B/s, xact 0 us, query 0 us, wait 0 us
2023-02-17 16:08:25.294 PKT [9129] LOG stats: 0 xacts/s, 0 queries/s, in 0 B/s, out 0 B/s, xact 0 us, query 0 us, wait 0 us
2023-02-17 16:09:25.297 PKT [9129] LOG stats: 0 xacts/s, 0 queries/s, in 0 B/s, out 0 B/s, xact 0 us, query 0 us, wait 0 us
2023-02-17 16:10:25.297 PKT [9129] LOG stats: 0 xacts/s, 0 queries/s, in 0 B/s, out 0 B/s, xact 0 us, query 0 us, wait 0 us
2023-02-17 16:11:25.296 PKT [9129] LOG stats: 0 xacts/s, 0 queries/s, in 0 B/s, out 0 B/s, xact 0 us, query 0 us, wait 0 us
2023-02-17 16:12:25.295 PKT [9129] LOG stats: 0 xacts/s, 0 queries/s, in 0 B/s, out 0 B/s, xact 0 us, query 0 us, wait 0 us
2023-02-17 16:13:25.298 PKT [9129] LOG stats: 0 xacts/s, 0 queries/s, in 0 B/s, out 0 B/s, xact 0 us, query 0 us, wait 0 us
2023-02-17 16:14:25.298 PKT [9129] LOG stats: 0 xacts/s, 0 queries/s, in 0 B/s, out 0 B/s, xact 0 us, query 0 us, wait 0 us
2023-02-17 16:15:25.298 PKT [9129] LOG stats: 0 xacts/s, 0 queries/s, in 0 B/s, out 0 B/s, xact 0 us, query 0 us, wait 0 us
2023-02-17 16:16:25.294 PKT [9129] LOG stats: 0 xacts/s, 0 queries/s, in 0 B/s, out 0 B/s, xact 0 us, query 0 us, wait 0 us
2023-02-17 16:17:25.294 PKT [9129] LOG stats: 0 xacts/s, 0 queries/s, in 0 B/s, out 0 B/s, xact 0 us, query 0 us, wait 0 us
2023-02-17 16:18:25.294 PKT [9129] LOG stats: 0 xacts/s, 0 queries/s, in 0 B/s, out 0 B/s, xact 0 us, query 0 us, wait 0 us
2023-02-17 16:19:25.294 PKT [9129] LOG stats: 0 xacts/s, 0 queries/s, in 0 B/s, out 0 B/s, xact 0 us, query 0 us, wait 0 us
2023-02-17 16:20:25.294 PKT [9129] LOG stats: 0 xacts/s, 0 queries/s, in 0 B/s, out 0 B/s, xact 0 us, query 0 us, wait 0 us
2023-02-17 16:21:25.294 PKT [9129] LOG stats: 0 xacts/s, 0 queries/s, in 0 B/s, out 0 B/s, xact 0 us, query 0 us, wait 0 us
2023-02-17 16:22:25.295 PKT [9129] LOG stats: 0 xacts/s, 0 queries/s, in 0 B/s, out 0 B/s, xact 0 us, query 0 us, wait 0 us
2023-02-17 16:23:25.298 PKT [9129] LOG stats: 0 xacts/s, 0 queries/s, in 0 B/s, out 0 B/s, xact 0 us, query 0 us, wait 0 us
2023-02-17 16:24:25.298 PKT [9129] LOG stats: 0 xacts/s, 0 queries/s, in 0 B/s, out 0 B/s, xact 0 us, query 0 us, wait 0 us
2023-02-17 16:25:25.299 PKT [9129] LOG stats: 0 xacts/s, 0 queries/s, in 0 B/s, out 0 B/s, xact 0 us, query 0 us, wait 0 us
2023-02-17 16:26:25.294 PKT [9129] LOG stats: 0 xacts/s, 0 queries/s, in 0 B/s, out 0 B/s, xact 0 us, query 0 us, wait 0 us
2023-02-17 16:27:25.294 PKT [9129] LOG stats: 0 xacts/s, 0 queries/s, in 0 B/s, out 0 B/s, xact 0 us, query 0 us, wait 0 us
2023-02-17 16:28:25.296 PKT [9129] LOG stats: 0 xacts/s, 0 queries/s, in 0 B/s, out 0 B/s, xact 0 us, query 0 us, wait 0 us
2023-02-17 16:29:25.295 PKT [9129] LOG stats: 0 xacts/s, 0 queries/s, in 0 B/s, out 0 B/s, xact 0 us, query 0 us, wait 0 us
2023-02-17 16:30:25.295 PKT [9129] LOG stats: 0 xacts/s, 0 queries/s, in 0 B/s, out 0 B/s, xact 0 us, query 0 us, wait 0 us
2023-02-17 16:31:25.297 PKT [9129] LOG stats: 0 xacts/s, 0 queries/s, in 0 B/s, out 0 B/s, xact 0 us, query 0 us, wait 0 us
2023-02-17 16:32:25.298 PKT [9129] LOG stats: 0 xacts/s, 0 queries/s, in 0 B/s, out 0 B/s, xact 0 us, query 0 us, wait 0 us
2023-02-17 16:33:25.298 PKT [9129] LOG stats: 0 xacts/s, 0 queries/s, in 0 B/s, out 0 B/s, xact 0 us, query 0 us, wait 0 us
2023-02-17 16:34:25.300 PKT [9129] LOG stats: 0 xacts/s, 0 queries/s, in 0 B/s, out 0 B/s, xact 0 us, query 0 us, wait 0 us
2023-02-17 16:35:25.295 PKT [9129] LOG stats: 0 xacts/s, 0 queries/s, in 0 B/s, out 0 B/s, xact 0 us, query 0 us, wait 0 us
2023-02-17 16:36:25.295 PKT [9129] LOG stats: 0 xacts/s, 0 queries/s, in 0 B/s, out 0 B/s, xact 0 us, query 0 us, wait 0 us
2023-02-17 16:37:25.296 PKT [9129] LOG stats: 0 xacts/s, 0 queries/s, in 0 B/s, out 0 B/s, xact 0 us, query 0 us, wait 0 us
2023-02-17 16:38:25.297 PKT [9129] LOG stats: 0 xacts/s, 0 queries/s, in 0 B/s, out 0 B/s, xact 0 us, query 0 us, wait 0 us
2023-02-17 16:39:25.295 PKT [9129] LOG stats: 0 xacts/s, 0 queries/s, in 0 B/s, out 0 B/s, xact 0 us, query 0 us, wait 0 us
2023-02-17 16:40:25.299 PKT [9129] LOG stats: 0 xacts/s, 0 queries/s, in 0 B/s, out 0 B/s, xact 0 us, query 0 us, wait 0 us
2023-02-17 16:41:25.295 PKT [9129] LOG stats: 0 xacts/s, 0 queries/s, in 0 B/s, out 0 B/s, xact 0 us, query 0 us, wait 0 us
2023-02-17 16:42:25.296 PKT [9129] LOG stats: 0 xacts/s, 0 queries/s, in 0 B/s, out 0 B/s, xact 0 us, query 0 us, wait 0 us
2023-02-17 16:43:25.295 PKT [9129] LOG stats: 0 xacts/s, 0 queries/s, in 0 B/s, out 0 B/s, xact 0 us, query 0 us, wait 0 us
2023-02-17 16:44:25.299 PKT [9129] LOG stats: 0 xacts/s, 0 queries/s, in 0 B/s, out 0 B/s, xact 0 us, query 0 us, wait 0 us
2023-02-17 16:45:25.295 PKT [9129] LOG stats: 0 xacts/s, 0 queries/s, in 0 B/s, out 0 B/s, xact 0 us, query 0 us, wait 0 us
2023-02-17 16:46:25.296 PKT [9129] LOG stats: 0 xacts/s, 0 queries/s, in 0 B/s, out 0 B/s, xact 0 us, query 0 us, wait 0 us
2023-02-17 16:47:25.294 PKT [9129] LOG stats: 0 xacts/s, 0 queries/s, in 0 B/s, out 0 B/s, xact 0 us, query 0 us, wait 0 us
2023-02-17 16:48:25.298 PKT [9129] LOG stats: 0 xacts/s, 0 queries/s, in 0 B/s, out 0 B/s, xact 0 us, query 0 us, wait 0 us
2023-02-17 16:49:25.298 PKT [9129] LOG stats: 0 xacts/s, 0 queries/s, in 0 B/s, out 0 B/s, xact 0 us, query 0 us, wait 0 us
2023-02-17 16:50:25.294 PKT [9129] LOG stats: 0 xacts/s, 0 queries/s, in 0 B/s, out 0 B/s, xact 0 us, query 0 us, wait 0 us
2023-02-17 16:51:25.296 PKT [9129] LOG stats: 0 xacts/s, 0 queries/s, in 0 B/s, out 0 B/s, xact 0 us, query 0 us, wait 0 us
2023-02-17 16:52:25.297 PKT [9129] LOG stats: 0 xacts/s, 0 queries/s, in 0 B/s, out 0 B/s, xact 0 us, query 0 us, wait 0 us
2023-02-17 16:53:25.294 PKT [9129] LOG stats: 0 xacts/s, 0 queries/s, in 0 B/s, out 0 B/s, xact 0 us, query 0 us, wait 0 us
2023-02-17 16:54:25.299 PKT [9129] LOG stats: 0 xacts/s, 0 queries/s, in 0 B/s, out 0 B/s, xact 0 us, query 0 us, wait 0 us
2023-02-17 16:55:25.298 PKT [9129] LOG stats: 0 xacts/s, 0 queries/s, in 0 B/s, out 0 B/s, xact 0 us, query 0 us, wait 0 us
2023-02-17 16:56:25.295 PKT [9129] LOG stats: 0 xacts/s, 0 queries/s, in 0 B/s, out 0 B/s, xact 0 us, query 0 us, wait 0 us
2023-02-17 16:57:25.294 PKT [9129] LOG stats: 0 xacts/s, 0 queries/s, in 0 B/s, out 0 B/s, xact 0 us, query 0 us, wait 0 us
2023-02-17 16:58:25.296 PKT [9129] LOG stats: 0 xacts/s, 0 queries/s, in 0 B/s, out 0 B/s, xact 0 us, query 0 us, wait 0 us
2023-02-17 16:59:25.295 PKT [9129] LOG stats: 0 xacts/s, 0 queries/s, in 0 B/s, out 0 B/s, xact 0 us, query 0 us, wait 0 us
2023-02-17 17:00:25.298 PKT [9129] LOG stats: 0 xacts/s, 0 queries/s, in 0 B/s, out 0 B/s, xact 0 us, query 0 us, wait 0 us
2023-02-17 17:01:25.298 PKT [9129] LOG stats: 0 xacts/s, 0 queries/s, in 0 B/s, out 0 B/s, xact 0 us, query 0 us, wait 0 us
2023-02-17 17:02:25.295 PKT [9129] LOG stats: 0 xacts/s, 0 queries/s, in 0 B/s, out 0 B/s, xact 0 us, query 0 us, wait 0 us
2023-02-17 17:03:25.294 PKT [9129] LOG stats: 0 xacts/s, 0 queries/s, in 0 B/s, out 0 B/s, xact 0 us, query 0 us, wait 0 us
2023-02-17 17:04:25.297 PKT [9129] LOG stats: 0 xacts/s, 0 queries/s, in 0 B/s, out 0 B/s, xact 0 us, query 0 us, wait 0 us
2023-02-17 17:05:25.294 PKT [9129] LOG stats: 0 xacts/s, 0 queries/s, in 0 B/s, out 0 B/s, xact 0 us, query 0 us, wait 0 us
2023-02-17 17:06:25.295 PKT [9129] LOG stats: 0 xacts/s, 0 queries/s, in 0 B/s, out 0 B/s, xact 0 us, query 0 us, wait 0 us
2023-02-17 17:07:25.299 PKT [9129] LOG stats: 0 xacts/s, 0 queries/s, in 0 B/s, out 0 B/s, xact 0 us, query 0 us, wait 0 us
2023-02-17 17:08:25.299 PKT [9129] LOG stats: 0 xacts/s, 0 queries/s, in 0 B/s, out 0 B/s, xact 0 us, query 0 us, wait 0 us
2023-02-17 17:09:25.295 PKT [9129] LOG stats: 0 xacts/s, 0 queries/s, in 0 B/s, out 0 B/s, xact 0 us, query 0 us, wait 0 us
2023-02-17 17:10:25.295 PKT [9129] LOG stats: 0 xacts/s, 0 queries/s, in 0 B/s, out 0 B/s, xact 0 us, query 0 us, wait 0 us
2023-02-17 17:11:25.295 PKT [9129] LOG stats: 0 xacts/s, 0 queries/s, in 0 B/s, out 0 B/s, xact 0 us, query 0 us, wait 0 us
2023-02-17 17:12:25.295 PKT [9129] LOG stats: 0 xacts/s, 0 queries/s, in 0 B/s, out 0 B/s, xact 0 us, query 0 us, wait 0 us
2023-02-17 17:13:25.297 PKT [9129] LOG stats: 0 xacts/s, 0 queries/s, in 0 B/s, out 0 B/s, xact 0 us, query 0 us, wait 0 us
2023-02-17 17:14:25.299 PKT [9129] LOG stats: 0 xacts/s, 0 queries/s, in 0 B/s, out 0 B/s, xact 0 us, query 0 us, wait 0 us
2023-02-17 17:15:25.298 PKT [9129] LOG stats: 0 xacts/s, 0 queries/s, in 0 B/s, out 0 B/s, xact 0 us, query 0 us, wait 0 us
2023-02-17 17:16:25.296 PKT [9129] LOG stats: 0 xacts/s, 0 queries/s, in 0 B/s, out 0 B/s, xact 0 us, query 0 us, wait 0 us
2023-02-17 17:17:25.294 PKT [9129] LOG stats: 0 xacts/s, 0 queries/s, in 0 B/s, out 0 B/s, xact 0 us, query 0 us, wait 0 us
2023-02-17 17:18:25.297 PKT [9129] LOG stats: 0 xacts/s, 0 queries/s, in 0 B/s, out 0 B/s, xact 0 us, query 0 us, wait 0 us
2023-02-17 17:19:25.295 PKT [9129] LOG stats: 0 xacts/s, 0 queries/s, in 0 B/s, out 0 B/s, xact 0 us, query 0 us, wait 0 us
2023-02-17 17:20:25.298 PKT [9129] LOG stats: 0 xacts/s, 0 queries/s, in 0 B/s, out 0 B/s, xact 0 us, query 0 us, wait 0 us
2023-02-17 17:21:25.298 PKT [9129] LOG stats: 0 xacts/s, 0 queries/s, in 0 B/s, out 0 B/s, xact 0 us, query 0 us, wait 0 us
2023-02-17 17:22:25.299 PKT [9129] LOG stats: 0 xacts/s, 0 queries/s, in 0 B/s, out 0 B/s, xact 0 us, query 0 us, wait 0 us
2023-02-17 17:23:25.295 PKT [9129] LOG stats: 0 xacts/s, 0 queries/s, in 0 B/s, out 0 B/s, xact 0 us, query 0 us, wait 0 us
2023-02-17 17:24:25.297 PKT [9129] LOG stats: 0 xacts/s, 0 queries/s, in 0 B/s, out 0 B/s, xact 0 us, query 0 us, wait 0 us
2023-02-17 17:25:25.296 PKT [9129] LOG stats: 0 xacts/s, 0 queries/s, in 0 B/s, out 0 B/s, xact 0 us, query 0 us, wait 0 us
2023-02-17 17:26:25.295 PKT [9129] LOG stats: 0 xacts/s, 0 queries/s, in 0 B/s, out 0 B/s, xact 0 us, query 0 us, wait 0 us
2023-02-17 17:27:25.298 PKT [9129] LOG stats: 0 xacts/s, 0 queries/s, in 0 B/s, out 0 B/s, xact 0 us, query 0 us, wait 0 us
2023-02-17 17:28:25.298 PKT [9129] LOG stats: 0 xacts/s, 0 queries/s, in 0 B/s, out 0 B/s, xact 0 us, query 0 us, wait 0 us
2023-02-17 17:29:25.295 PKT [9129] LOG stats: 0 xacts/s, 0 queries/s, in 0 B/s, out 0 B/s, xact 0 us, query 0 us, wait 0 us
2023-02-17 17:30:25.294 PKT [9129] LOG stats: 0 xacts/s, 0 queries/s, in 0 B/s, out 0 B/s, xact 0 us, query 0 us, wait 0 us
2023-02-17 17:31:25.296 PKT [9129] LOG stats: 0 xacts/s, 0 queries/s, in 0 B/s, out 0 B/s, xact 0 us, query 0 us, wait 0 us
2023-02-17 17:32:25.295 PKT [9129] LOG stats: 0 xacts/s, 0 queries/s, in 0 B/s, out 0 B/s, xact 0 us, query 0 us, wait 0 us
2023-02-17 17:33:25.296 PKT [9129] LOG stats: 0 xacts/s, 0 queries/s, in 0 B/s, out 0 B/s, xact 0 us, query 0 us, wait 0 us
2023-02-17 17:34:25.299 PKT [9129] LOG stats: 0 xacts/s, 0 queries/s, in 0 B/s, out 0 B/s, xact 0 us, query 0 us, wait 0 us
2023-02-17 17:35:25.299 PKT [9129] LOG stats: 0 xacts/s, 0 queries/s, in 0 B/s, out 0 B/s, xact 0 us, query 0 us, wait 0 us
2023-02-17 17:35:58.631 PKT [9129] LOG got SIGHUP, re-reading config
2023-02-17 17:35:58.632 PKT [9129] LOG got SIGTERM, fast exit
